Using pre-set license
Built from '2020.3/staging' branch; Version is '2020.3.25f1 (9b9180224418) revision 10195328'; Using compiler version '192528614'; Build Type 'Release'
OS: 'Windows 11  (10.0.22000) 64bit Professional' Language: 'tr' Physical Memory: 8140 MB
BatchMode: 1, IsHumanControllingUs: 0, StartBugReporterOnCrash: 0, Is64bit: 1, IsPro: 0

COMMAND LINE ARGUMENTS:
C:\Program Files\Unity\Hub\Editor\2020.3.25f1\Editor\Unity.exe
-adb2
-batchMode
-noUpm
-name
AssetImportWorker0
-projectPath
C:/Users/bugra/Desktop/494/Network/multitest
-logFile
Logs/AssetImportWorker0.log
-srvPort
63268
Successfully changed project path to: C:/Users/bugra/Desktop/494/Network/multitest
C:/Users/bugra/Desktop/494/Network/multitest
Using Asset Import Pipeline V2.
Refreshing native plugins compatible for Editor in 36.00 ms, found 2 plugins.
Preloading 0 native plugins for Editor in 0.00 ms.
Initialize engine version: 2020.3.25f1 (9b9180224418)
[Subsystems] Discovering subsystems at path C:/Program Files/Unity/Hub/Editor/2020.3.25f1/Editor/Data/Resources/UnitySubsystems
[Subsystems] Discovering subsystems at path C:/Users/bugra/Desktop/494/Network/multitest/Assets
GfxDevice: creating device client; threaded=0
Direct3D:
    Version:  Direct3D 11.0 [level 11.1]
    Renderer: NVIDIA GeForce GTX 1060 3GB (ID=0x1c02)
    Vendor:   
    VRAM:     2988 MB
    Driver:   30.0.15.1179
Initialize mono
Mono path[0] = 'C:/Program Files/Unity/Hub/Editor/2020.3.25f1/Editor/Data/Managed'
Mono path[1] = 'C:/Program Files/Unity/Hub/Editor/2020.3.25f1/Editor/Data/MonoBleedingEdge/lib/mono/unityjit'
Mono config path = 'C:/Program Files/Unity/Hub/Editor/2020.3.25f1/Editor/Data/MonoBleedingEdge/etc'
Using monoOptions --debugger-agent=transport=dt_socket,embedding=1,server=y,suspend=n,address=127.0.0.1:56840
Begin MonoManager ReloadAssembly
Registering precompiled unity dll's ...
Register platform support module: C:/Program Files/Unity/Hub/Editor/2020.3.25f1/Editor/Data/PlaybackEngines/WindowsStandaloneSupport/UnityEditor.WindowsStandalone.Extensions.dll
Registered in 0.001396 seconds.
Native extension for WindowsStandalone target not found
Refreshing native plugins compatible for Editor in 34.46 ms, found 2 plugins.
Preloading 0 native plugins for Editor in 0.00 ms.
Mono: successfully reloaded assembly
- Completed reload, in  0.574 seconds
Domain Reload Profiling:
	ReloadAssembly (574ms)
		BeginReloadAssembly (49ms)
			ExecutionOrderSort (0ms)
			DisableScriptedObjects (0ms)
			BackupInstance (0ms)
			ReleaseScriptingObjects (0ms)
			CreateAndSetChildDomain (1ms)
		EndReloadAssembly (451ms)
			LoadAssemblies (47ms)
			RebuildTransferFunctionScriptingTraits (0ms)
			SetupTypeCache (150ms)
			ReleaseScriptCaches (0ms)
			RebuildScriptCaches (29ms)
			SetupLoadedEditorAssemblies (161ms)
				LogAssemblyErrors (0ms)
				InitializePlatformSupportModulesInManaged (3ms)
				SetLoadedEditorAssemblies (0ms)
				RefreshPlugins (35ms)
				BeforeProcessingInitializeOnLoad (14ms)
				ProcessInitializeOnLoadAttributes (81ms)
				ProcessInitializeOnLoadMethodAttributes (28ms)
				AfterProcessingInitializeOnLoad (0ms)
				EditorAssembliesLoaded (0ms)
			ExecutionOrderSort2 (0ms)
			AwakeInstancesAfterBackupRestoration (0ms)
Platform modules already initialized, skipping
Registering precompiled user dll's ...
Registered in 0.005312 seconds.
Begin MonoManager ReloadAssembly
Native extension for WindowsStandalone target not found
Refreshing native plugins compatible for Editor in 0.43 ms, found 2 plugins.
Preloading 0 native plugins for Editor in 0.00 ms.
Mono: successfully reloaded assembly
- Completed reload, in  0.995 seconds
Domain Reload Profiling:
	ReloadAssembly (996ms)
		BeginReloadAssembly (137ms)
			ExecutionOrderSort (0ms)
			DisableScriptedObjects (5ms)
			BackupInstance (0ms)
			ReleaseScriptingObjects (0ms)
			CreateAndSetChildDomain (18ms)
		EndReloadAssembly (800ms)
			LoadAssemblies (84ms)
			RebuildTransferFunctionScriptingTraits (0ms)
			SetupTypeCache (281ms)
			ReleaseScriptCaches (0ms)
			RebuildScriptCaches (44ms)
			SetupLoadedEditorAssemblies (298ms)
				LogAssemblyErrors (0ms)
				InitializePlatformSupportModulesInManaged (5ms)
				SetLoadedEditorAssemblies (0ms)
				RefreshPlugins (0ms)
				BeforeProcessingInitializeOnLoad (78ms)
				ProcessInitializeOnLoadAttributes (198ms)
				ProcessInitializeOnLoadMethodAttributes (11ms)
				AfterProcessingInitializeOnLoad (5ms)
				EditorAssembliesLoaded (0ms)
			ExecutionOrderSort2 (0ms)
			AwakeInstancesAfterBackupRestoration (7ms)
Platform modules already initialized, skipping
========================================================================
Worker process is ready to serve import requests
Launched and connected shader compiler UnityShaderCompiler.exe after 0.04 seconds
Refreshing native plugins compatible for Editor in 0.46 ms, found 2 plugins.
Preloading 0 native plugins for Editor in 0.00 ms.
Unloading 1724 Unused Serialized files (Serialized files now loaded: 0)
System memory in use before: 75.5 MB.
System memory in use after: 75.6 MB.

Unloading 25 unused Assets to reduce memory usage. Loaded Objects now: 2151.
Total: 2.984100 ms (FindLiveObjects: 0.175300 ms CreateObjectMapping: 0.047100 ms MarkObjects: 2.681300 ms  DeleteObjects: 0.079100 ms)

AssetImportParameters requested are different than current active one (requested -> active):
  custom:framework-win-MediaFoundation: 216162199b28c13a410421893ffa2e32 -> 
  custom:video-decoder-ogg-theora: a1e56fd34408186e4bbccfd4996cb3dc -> 
  custom:container-muxer-webm: aa71ff27fc2769a1b78a27578f13a17b -> 
  custom:container-demuxer-webm: 4f35f7cbe854078d1ac9338744f61a02 -> 
  custom:container-demuxer-ogg: 62fdf1f143b41e24485cea50d1cbac27 -> 
  custom:video-encoder-webm-vp8: eb34c28f22e8b96e1ab97ce403110664 -> 
  custom:video-decoder-webm-vp8: 9c59270c3fd7afecdb556c50c9e8de78 -> 
  custom:audio-decoder-ogg-vorbis: bf7c407c2cedff20999df2af8eb42d56 -> 
  custom:audio-encoder-webm-vorbis: bf7c407c2cedff20999df2af8eb42d56 -> 
========================================================================
Received Import Request.
  path: Assets/script/ServerManager.cs
  artifactKey: Guid(e5d1f2ba6b4d84218972c41fa25c0302) Importer(815301076,1909f56bfc062723c751e8b465ee728b)
Start importing Assets/script/ServerManager.cs using Guid(e5d1f2ba6b4d84218972c41fa25c0302) Importer(815301076,1909f56bfc062723c751e8b465ee728b)  -> (artifact id: '9d3a6e0ce5616d99aaf2d81152d388bc') in 0.028308 seconds 
  Import took 0.032010 seconds .

========================================================================
Received Import Request.
  Time since last request: 93.540982 seconds.
  path: Assets/Scenes
  artifactKey: Guid(5f16e485907ab46e4b74ba641ff02746) Importer(815301076,1909f56bfc062723c751e8b465ee728b)
Start importing Assets/Scenes using Guid(5f16e485907ab46e4b74ba641ff02746) Importer(815301076,1909f56bfc062723c751e8b465ee728b)  -> (artifact id: '2d4b6cc6369a9d6078cca503187e925b') in 0.008114 seconds 
  Import took 0.011434 seconds .

========================================================================
Received Import Request.
  Time since last request: 23.811797 seconds.
  path: Assets/Scenes/FashionShowScene.unity
  artifactKey: Guid(37fc4a633eb113544a1176aa2947fd9e) Importer(815301076,1909f56bfc062723c751e8b465ee728b)
Start importing Assets/Scenes/FashionShowScene.unity using Guid(37fc4a633eb113544a1176aa2947fd9e) Importer(815301076,1909f56bfc062723c751e8b465ee728b)  -> (artifact id: '7f6a99817a380e8cc20700c2bb1325ff') in 0.019384 seconds 
  Import took 0.021911 seconds .

========================================================================
Received Import Request.
  Time since last request: 68.815369 seconds.
  path: Assets/Resources/Chair
  artifactKey: Guid(af83ac62f226ff546bf7907d1ede8a30) Importer(815301076,1909f56bfc062723c751e8b465ee728b)
Start importing Assets/Resources/Chair using Guid(af83ac62f226ff546bf7907d1ede8a30) Importer(815301076,1909f56bfc062723c751e8b465ee728b)  -> (artifact id: '1b4bf6fa6c2be20722c5b12ad6521ecf') in 0.008279 seconds 
  Import took 0.011081 seconds .

========================================================================
Received Import Request.
  Time since last request: 0.686913 seconds.
  path: Assets/Resources/Chair/Maps
  artifactKey: Guid(e37adaa621cc32046bb3b77d90f700bf) Importer(815301076,1909f56bfc062723c751e8b465ee728b)
Start importing Assets/Resources/Chair/Maps using Guid(e37adaa621cc32046bb3b77d90f700bf) Importer(815301076,1909f56bfc062723c751e8b465ee728b)  -> (artifact id: '962922b9b8160fee8dfeeea78200f4be') in 0.007673 seconds 
  Import took 0.010573 seconds .

========================================================================
Received Import Request.
  Time since last request: 1.026151 seconds.
  path: Assets/Resources/Chair/Maps/Chair_diffuse.png
  artifactKey: Guid(9bf0d6a55b9ac474b83735882859ecad) Importer(815301076,1909f56bfc062723c751e8b465ee728b)
Start importing Assets/Resources/Chair/Maps/Chair_diffuse.png using Guid(9bf0d6a55b9ac474b83735882859ecad) Importer(815301076,1909f56bfc062723c751e8b465ee728b)  -> (artifact id: '9960b67f92e608cc224c60dfedbd1ec2') in 0.090471 seconds 
  Import took 0.093107 seconds .

========================================================================
Received Import Request.
  Time since last request: 0.391296 seconds.
  path: Assets/Resources/Chair/Maps/Chair_Normals.png
  artifactKey: Guid(28a0fb06640fd9f43a0199063234bdc6) Importer(815301076,1909f56bfc062723c751e8b465ee728b)
Start importing Assets/Resources/Chair/Maps/Chair_Normals.png using Guid(28a0fb06640fd9f43a0199063234bdc6) Importer(815301076,1909f56bfc062723c751e8b465ee728b)  -> (artifact id: 'afc34291e8b818f32477cc409da42f42') in 0.071731 seconds 
  Import took 0.074504 seconds .

========================================================================
Received Import Request.
  Time since last request: 0.464037 seconds.
  path: Assets/Resources/Chair/Maps/Chair_Occlusion.png
  artifactKey: Guid(5954f0b71fc7e0040afc92d0c49cc027) Importer(815301076,1909f56bfc062723c751e8b465ee728b)
Start importing Assets/Resources/Chair/Maps/Chair_Occlusion.png using Guid(5954f0b71fc7e0040afc92d0c49cc027) Importer(815301076,1909f56bfc062723c751e8b465ee728b)  -> (artifact id: 'e5ad87e5bdc61284922ca5c3c023f34d') in 0.030649 seconds 
  Import took 0.033941 seconds .

========================================================================
Received Import Request.
  Time since last request: 2.305918 seconds.
  path: Assets/Resources/Chair/Material
  artifactKey: Guid(9d75222d04ab1e84b951ee259bbacfc2) Importer(815301076,1909f56bfc062723c751e8b465ee728b)
Start importing Assets/Resources/Chair/Material using Guid(9d75222d04ab1e84b951ee259bbacfc2) Importer(815301076,1909f56bfc062723c751e8b465ee728b)  -> (artifact id: 'fd721741b9338317d34a6b1a439ecc05') in 0.006633 seconds 
  Import took 0.009483 seconds .

========================================================================
Received Import Request.
  Time since last request: 1.393198 seconds.
  path: Assets/Resources/Chair/Model
  artifactKey: Guid(85e6158c727b8394c982d41427f2e706) Importer(815301076,1909f56bfc062723c751e8b465ee728b)
Start importing Assets/Resources/Chair/Model using Guid(85e6158c727b8394c982d41427f2e706) Importer(815301076,1909f56bfc062723c751e8b465ee728b)  -> (artifact id: '4ae7980bff44381fd2ef3cda1cc10acd') in 0.006896 seconds 
  Import took 0.009460 seconds .

========================================================================
Received Import Request.
  Time since last request: 1.085510 seconds.
  path: Assets/Resources/Chair/Model/Chair.obj
  artifactKey: Guid(356323afbc2ef4945a31fd5474ae5969) Importer(815301076,1909f56bfc062723c751e8b465ee728b)
Start importing Assets/Resources/Chair/Model/Chair.obj using Guid(356323afbc2ef4945a31fd5474ae5969) Importer(815301076,1909f56bfc062723c751e8b465ee728b)  -> (artifact id: '027450014609e47de9fc6220824d29f6') in 0.071868 seconds 
  Import took 0.074795 seconds .

========================================================================
Received Import Request.
  Time since last request: 0.444219 seconds.
  path: Assets/Resources/Chair/Model/Materials
  artifactKey: Guid(faee4d144fac6964c85bcf10000cc1e5) Importer(815301076,1909f56bfc062723c751e8b465ee728b)
Start importing Assets/Resources/Chair/Model/Materials using Guid(faee4d144fac6964c85bcf10000cc1e5) Importer(815301076,1909f56bfc062723c751e8b465ee728b)  -> (artifact id: '396274dceea80e2daa6a2b034042440c') in 0.009618 seconds 
  Import took 0.013133 seconds .

========================================================================
Received Import Request.
  Time since last request: 6.248659 seconds.
  path: Assets/Resources/Chair/Prefab
  artifactKey: Guid(86dba9d1200f7be40b0c331170b71524) Importer(815301076,1909f56bfc062723c751e8b465ee728b)
Start importing Assets/Resources/Chair/Prefab using Guid(86dba9d1200f7be40b0c331170b71524) Importer(815301076,1909f56bfc062723c751e8b465ee728b)  -> (artifact id: '6533a7c582f00bf5d4ac10fba94eeeac') in 0.006325 seconds 
  Import took 0.009042 seconds .

========================================================================
Received Import Request.
  Time since last request: 0.575623 seconds.
  path: Assets/Resources/Chair/Prefab/Chair.prefab
  artifactKey: Guid(d7b762e2efec15745a46d6a07c9c119e) Importer(815301076,1909f56bfc062723c751e8b465ee728b)
Start importing Assets/Resources/Chair/Prefab/Chair.prefab using Guid(d7b762e2efec15745a46d6a07c9c119e) Importer(815301076,1909f56bfc062723c751e8b465ee728b)  -> (artifact id: '19082c45da6cc9a34862a655613c51f1') in 0.260474 seconds 
  Import took 0.264014 seconds .

========================================================================
Received Import Request.
  Time since last request: 7.054528 seconds.
  path: Assets/Scenes/SampleScene.unity
  artifactKey: Guid(9fc0d4010bbf28b4594072e72b8655ab) Importer(815301076,1909f56bfc062723c751e8b465ee728b)
Start importing Assets/Scenes/SampleScene.unity using Guid(9fc0d4010bbf28b4594072e72b8655ab) Importer(815301076,1909f56bfc062723c751e8b465ee728b)  -> (artifact id: 'ff7a59878037de04087ef307cf417b03') in 0.011383 seconds 
  Import took 0.014093 seconds .

========================================================================
Received Prepare
Registering precompiled user dll's ...
Registered in 0.008759 seconds.
Begin MonoManager ReloadAssembly
Native extension for WindowsStandalone target not found
Refreshing native plugins compatible for Editor in 0.63 ms, found 2 plugins.
Preloading 0 native plugins for Editor in 0.00 ms.
Mono: successfully reloaded assembly
- Completed reload, in  1.152 seconds
Domain Reload Profiling:
	ReloadAssembly (1153ms)
		BeginReloadAssembly (186ms)
			ExecutionOrderSort (0ms)
			DisableScriptedObjects (10ms)
			BackupInstance (0ms)
			ReleaseScriptingObjects (0ms)
			CreateAndSetChildDomain (70ms)
		EndReloadAssembly (882ms)
			LoadAssemblies (120ms)
			RebuildTransferFunctionScriptingTraits (0ms)
			SetupTypeCache (325ms)
			ReleaseScriptCaches (1ms)
			RebuildScriptCaches (36ms)
			SetupLoadedEditorAssemblies (309ms)
				LogAssemblyErrors (0ms)
				InitializePlatformSupportModulesInManaged (4ms)
				SetLoadedEditorAssemblies (0ms)
				RefreshPlugins (1ms)
				BeforeProcessingInitializeOnLoad (76ms)
				ProcessInitializeOnLoadAttributes (209ms)
				ProcessInitializeOnLoadMethodAttributes (12ms)
				AfterProcessingInitializeOnLoad (5ms)
				EditorAssembliesLoaded (0ms)
			ExecutionOrderSort2 (0ms)
			AwakeInstancesAfterBackupRestoration (8ms)
Platform modules already initialized, skipping
Refreshing native plugins compatible for Editor in 0.62 ms, found 2 plugins.
Preloading 0 native plugins for Editor in 0.00 ms.
Unloading 2078 Unused Serialized files (Serialized files now loaded: 0)
System memory in use before: 93.5 MB.
System memory in use after: 91.7 MB.

Unloading 42 unused Assets to reduce memory usage. Loaded Objects now: 2506.
Total: 4.645500 ms (FindLiveObjects: 0.288600 ms CreateObjectMapping: 0.057200 ms MarkObjects: 3.049500 ms  DeleteObjects: 1.248600 ms)

AssetImportParameters requested are different than current active one (requested -> active):
  custom:framework-win-MediaFoundation: 216162199b28c13a410421893ffa2e32 -> 
  custom:video-decoder-ogg-theora: a1e56fd34408186e4bbccfd4996cb3dc -> 
  custom:container-muxer-webm: aa71ff27fc2769a1b78a27578f13a17b -> 
  custom:container-demuxer-webm: 4f35f7cbe854078d1ac9338744f61a02 -> 
  custom:container-demuxer-ogg: 62fdf1f143b41e24485cea50d1cbac27 -> 
  custom:video-encoder-webm-vp8: eb34c28f22e8b96e1ab97ce403110664 -> 
  custom:video-decoder-webm-vp8: 9c59270c3fd7afecdb556c50c9e8de78 -> 
  custom:audio-decoder-ogg-vorbis: bf7c407c2cedff20999df2af8eb42d56 -> 
  custom:audio-encoder-webm-vorbis: bf7c407c2cedff20999df2af8eb42d56 -> 
AssetImportWorkerClient::OnTransportError - code=2 error=End of file
